This file contains any messages produced by compilers while
running configure, to aid debugging if configure makes a mistake.

It was created by configure, which was
generated by GNU Autoconf 2.59.  Invocation command line was

  $ ./configure --build=i486-linux-gnu --prefix=/usr --includedir=${prefix}/include --mandir=${prefix}/share/man --infodir=${prefix}/share/info --sysconfdir=/etc --localstatedir=/var --libexecdir=${prefix}/lib/arpwatch --disable-maintainer-mode --disable-dependency-tracking

## --------- ##
## Platform. ##
## --------- ##

hostname = debian
uname -m = i686
uname -r = 3.2.0-4-686-pae
uname -s = Linux
uname -v = #1 SMP Debian 3.2.32-1

/usr/bin/uname -p = unknown
/bin/uname -X     = unknown

/bin/arch              = unknown
/usr/bin/arch -k       = unknown
/usr/convex/getsysinfo = unknown
hostinfo               = unknown
/bin/machine           = unknown
/usr/bin/oslevel       = unknown
/bin/universe          = unknown

PATH: /usr/local/bin
PATH: /usr/bin
PATH: /bin
PATH: /usr/local/games
PATH: /usr/games


## ----------- ##
## Core tests. ##
## ----------- ##

configure:1329: checking build system type
configure:1347: result: i486-pc-linux-gnu
configure:1355: checking host system type
configure:1369: result: i486-pc-linux-gnu
configure:1377: checking target system type
configure:1391: result: i486-pc-linux-gnu
configure:1527: checking for gcc
configure:1543: found /usr/bin/gcc
configure:1553: result: gcc
configure:1797: checking for C compiler version
configure:1800: gcc --version </dev/null >&5
gcc (Debian 4.7.1-7) 4.7.1
Copyright (C) 2012 Free Software Foundation, Inc.
This is free software; see the source for copying conditions.  There is NO
warranty; not even for MERCHANTABILITY or FITNESS FOR A PARTICULAR PURPOSE.

configure:1803: $? = 0
configure:1805: gcc -v </dev/null >&5
Using built-in specs.
COLLECT_GCC=gcc
COLLECT_LTO_WRAPPER=/usr/lib/gcc/i486-linux-gnu/4.7/lto-wrapper
Target: i486-linux-gnu
Configured with: ../src/configure -v --with-pkgversion='Debian 4.7.1-7' --with-bugurl=file:///usr/share/doc/gcc-4.7/README.Bugs --enable-languages=c,c++,go,fortran,objc,obj-c++ --prefix=/usr --program-suffix=-4.7 --enable-shared --enable-linker-build-id --with-system-zlib --libexecdir=/usr/lib --without-included-gettext --enable-threads=posix --with-gxx-include-dir=/usr/include/c++/4.7 --libdir=/usr/lib --enable-nls --with-sysroot=/ --enable-clocale=gnu --enable-libstdcxx-debug --enable-libstdcxx-time=yes --enable-gnu-unique-object --enable-plugin --enable-objc-gc --enable-targets=all --with-arch-32=i586 --with-tune=generic --enable-checking=release --build=i486-linux-gnu --host=i486-linux-gnu --target=i486-linux-gnu
Thread model: posix
gcc version 4.7.1 (Debian 4.7.1-7) 
configure:1808: $? = 0
configure:1810: gcc -V </dev/null >&5
gcc: error: unrecognized command line option '-V'
gcc: fatal error: no input files
compilation terminated.
configure:1813: $? = 4
configure:1836: checking for C compiler default output file name
configure:1839: gcc    conftest.c  >&5
configure:1842: $? = 0
configure:1888: result: a.out
configure:1893: checking whether the C compiler works
configure:1899: ./a.out
configure:1902: $? = 0
configure:1919: result: yes
configure:1926: checking whether we are cross compiling
configure:1928: result: no
configure:1931: checking for suffix of executables
configure:1933: gcc -o conftest    conftest.c  >&5
configure:1936: $? = 0
configure:1961: result: 
configure:1967: checking for suffix of object files
configure:1988: gcc -c   conftest.c >&5
configure:1991: $? = 0
configure:2013: result: o
configure:2017: checking whether we are using the GNU C compiler
configure:2041: gcc -c   conftest.c >&5
configure:2047: $? = 0
configure:2051: test -z 
			 || test ! -s conftest.err
configure:2054: $? = 0
configure:2057: test -s conftest.o
configure:2060: $? = 0
configure:2073: result: yes
configure:2079: checking whether gcc accepts -g
configure:2100: gcc -c -g  conftest.c >&5
configure:2106: $? = 0
configure:2110: test -z 
			 || test ! -s conftest.err
configure:2113: $? = 0
configure:2116: test -s conftest.o
configure:2119: $? = 0
configure:2130: result: yes
configure:2147: checking for gcc option to accept ANSI C
configure:2217: gcc  -c -g -O2  conftest.c >&5
configure:2223: $? = 0
configure:2227: test -z 
			 || test ! -s conftest.err
configure:2230: $? = 0
configure:2233: test -s conftest.o
configure:2236: $? = 0
configure:2254: result: none needed
configure:2272: gcc -c -g -O2  conftest.c >&5
conftest.c:2:3: error: unknown type name 'choke'
conftest.c:2:3: error: expected '=', ',', ';', 'asm' or '__attribute__' at end of input
configure:2278: $? = 1
configure: failed program was:
| #ifndef __cplusplus
|   choke me
| #endif
configure:2634: checking how to run the C preprocessor
configure:2669: gcc -E  conftest.c
configure:2675: $? = 0
configure:2707: gcc -E  conftest.c
conftest.c:9:28: fatal error: ac_nonexistent.h: No such file or directory
compilation terminated.
configure:2713: $? = 1
configure: failed program was:
| /* confdefs.h.  */
| 
| #define PACKAGE_NAME ""
| #define PACKAGE_TARNAME ""
| #define PACKAGE_VERSION ""
| #define PACKAGE_STRING ""
| #define PACKAGE_BUGREPORT ""
| /* end confdefs.h.  */
| #include <ac_nonexistent.h>
configure:2752: result: gcc -E
configure:2776: gcc -E  conftest.c
configure:2782: $? = 0
configure:2814: gcc -E  conftest.c
conftest.c:9:28: fatal error: ac_nonexistent.h: No such file or directory
compilation terminated.
configure:2820: $? = 1
configure: failed program was:
| /* confdefs.h.  */
| 
| #define PACKAGE_NAME ""
| #define PACKAGE_TARNAME ""
| #define PACKAGE_VERSION ""
| #define PACKAGE_STRING ""
| #define PACKAGE_BUGREPORT ""
| /* end confdefs.h.  */
| #include <ac_nonexistent.h>
configure:2864: checking for egrep
configure:2874: result: grep -E
configure:2879: checking for ANSI C header files
configure:2904: gcc -c -g -O2  conftest.c >&5
configure:2910: $? = 0
configure:2914: test -z 
			 || test ! -s conftest.err
configure:2917: $? = 0
configure:2920: test -s conftest.o
configure:2923: $? = 0
configure:3012: gcc -o conftest -g -O2   conftest.c  >&5
conftest.c: In function 'main':
conftest.c:26:7: warning: incompatible implicit declaration of built-in function 'exit' [enabled by default]
configure:3015: $? = 0
configure:3017: ./conftest
configure:3020: $? = 0
configure:3035: result: yes
configure:3059: checking for sys/types.h
configure:3075: gcc -c -g -O2  conftest.c >&5
configure:3081: $? = 0
configure:3085: test -z 
			 || test ! -s conftest.err
configure:3088: $? = 0
configure:3091: test -s conftest.o
configure:3094: $? = 0
configure:3105: result: yes
configure:3059: checking for sys/stat.h
configure:3075: gcc -c -g -O2  conftest.c >&5
configure:3081: $? = 0
configure:3085: test -z 
			 || test ! -s conftest.err
configure:3088: $? = 0
configure:3091: test -s conftest.o
configure:3094: $? = 0
configure:3105: result: yes
configure:3059: checking for stdlib.h
configure:3075: gcc -c -g -O2  conftest.c >&5
configure:3081: $? = 0
configure:3085: test -z 
			 || test ! -s conftest.err
configure:3088: $? = 0
configure:3091: test -s conftest.o
configure:3094: $? = 0
configure:3105: result: yes
configure:3059: checking for string.h
configure:3075: gcc -c -g -O2  conftest.c >&5
configure:3081: $? = 0
configure:3085: test -z 
			 || test ! -s conftest.err
configure:3088: $? = 0
configure:3091: test -s conftest.o
configure:3094: $? = 0
configure:3105: result: yes
configure:3059: checking for memory.h
configure:3075: gcc -c -g -O2  conftest.c >&5
configure:3081: $? = 0
configure:3085: test -z 
			 || test ! -s conftest.err
configure:3088: $? = 0
configure:3091: test -s conftest.o
configure:3094: $? = 0
configure:3105: result: yes
configure:3059: checking for strings.h
configure:3075: gcc -c -g -O2  conftest.c >&5
configure:3081: $? = 0
configure:3085: test -z 
			 || test ! -s conftest.err
configure:3088: $? = 0
configure:3091: test -s conftest.o
configure:3094: $? = 0
configure:3105: result: yes
configure:3059: checking for inttypes.h
configure:3075: gcc -c -g -O2  conftest.c >&5
configure:3081: $? = 0
configure:3085: test -z 
			 || test ! -s conftest.err
configure:3088: $? = 0
configure:3091: test -s conftest.o
configure:3094: $? = 0
configure:3105: result: yes
configure:3059: checking for stdint.h
configure:3075: gcc -c -g -O2  conftest.c >&5
configure:3081: $? = 0
configure:3085: test -z 
			 || test ! -s conftest.err
configure:3088: $? = 0
configure:3091: test -s conftest.o
configure:3094: $? = 0
configure:3105: result: yes
configure:3059: checking for unistd.h
configure:3075: gcc -c -g -O2  conftest.c >&5
configure:3081: $? = 0
configure:3085: test -z 
			 || test ! -s conftest.err
configure:3088: $? = 0
configure:3091: test -s conftest.o
configure:3094: $? = 0
configure:3105: result: yes
configure:3132: checking fcntl.h usability
configure:3144: gcc -c -g -O2  conftest.c >&5
configure:3150: $? = 0
configure:3154: test -z 
			 || test ! -s conftest.err
configure:3157: $? = 0
configure:3160: test -s conftest.o
configure:3163: $? = 0
configure:3173: result: yes
configure:3177: checking fcntl.h presence
configure:3187: gcc -E  conftest.c
configure:3193: $? = 0
configure:3213: result: yes
configure:3248: checking for fcntl.h
configure:3255: result: yes
configure:3123: checking for memory.h
configure:3128: result: yes
configure:3268: checking whether time.h and sys/time.h may both be included
configure:3293: gcc -c -g -O2  conftest.c >&5
configure:3299: $? = 0
configure:3303: test -z 
			 || test ! -s conftest.err
configure:3306: $? = 0
configure:3309: test -s conftest.o
configure:3312: $? = 0
configure:3323: result: yes
configure:3339: checking for bcopy
configure:3396: gcc -o conftest -g -O2   conftest.c  >&5
conftest.c:46:6: warning: conflicting types for built-in function 'bcopy' [enabled by default]
configure:3402: $? = 0
configure:3406: test -z 
			 || test ! -s conftest.err
configure:3409: $? = 0
configure:3412: test -s conftest
configure:3415: $? = 0
configure:3427: result: yes
configure:3339: checking for strerror
configure:3396: gcc -o conftest -g -O2   conftest.c  >&5
configure:3402: $? = 0
configure:3406: test -z 
			 || test ! -s conftest.err
configure:3409: $? = 0
configure:3412: test -s conftest
configure:3415: $? = 0
configure:3427: result: yes
configure:3448: checking whether byte ordering is bigendian
configure:3475: gcc -c -g -O2  conftest.c >&5
configure:3481: $? = 0
configure:3485: test -z 
			 || test ! -s conftest.err
configure:3488: $? = 0
configure:3491: test -s conftest.o
configure:3494: $? = 0
configure:3518: gcc -c -g -O2  conftest.c >&5
conftest.c: In function 'main':
conftest.c:31:2: error: unknown type name 'not'
conftest.c:31:10: error: expected '=', ',', ';', 'asm' or '__attribute__' before 'endian'
configure:3524: $? = 1
configure: failed program was:
| /* confdefs.h.  */
| 
| #define PACKAGE_NAME ""
| #define PACKAGE_TARNAME ""
| #define PACKAGE_VERSION ""
| #define PACKAGE_STRING ""
| #define PACKAGE_BUGREPORT ""
| #define STDC_HEADERS 1
| #define HAVE_SYS_TYPES_H 1
| #define HAVE_SYS_STAT_H 1
| #define HAVE_STDLIB_H 1
| #define HAVE_STRING_H 1
| #define HAVE_MEMORY_H 1
| #define HAVE_STRINGS_H 1
| #define HAVE_INTTYPES_H 1
| #define HAVE_STDINT_H 1
| #define HAVE_UNISTD_H 1
| #define HAVE_FCNTL_H 1
| #define HAVE_MEMORY_H 1
| #define TIME_WITH_SYS_TIME 1
| #define HAVE_BCOPY 1
| #define HAVE_STRERROR 1
| /* end confdefs.h.  */
| #include <sys/types.h>
| #include <sys/param.h>
| 
| int
| main ()
| {
| #if BYTE_ORDER != BIG_ENDIAN
|  not big endian
| #endif
| 
|   ;
|   return 0;
| }
configure:3659: result: no
configure:3680: checking return type of signal handlers
configure:3711: gcc -c -g -O2  conftest.c >&5
configure:3717: $? = 0
configure:3721: test -z 
			 || test ! -s conftest.err
configure:3724: $? = 0
configure:3727: test -s conftest.o
configure:3730: $? = 0
configure:3741: result: void
configure:3776: checking for sigset
configure:3833: gcc -o conftest -g -O2   conftest.c  >&5
configure:3839: $? = 0
configure:3843: test -z 
			 || test ! -s conftest.err
configure:3846: $? = 0
configure:3849: test -s conftest
configure:3852: $? = 0
configure:3864: result: yes
configure:3986: checking if union wait is used
configure:4011: gcc -c -g -O2  conftest.c >&5
configure:4017: $? = 0
configure:4021: test -z 
			 || test ! -s conftest.err
configure:4024: $? = 0
configure:4027: test -s conftest.o
configure:4030: $? = 0
configure:4042: result: no
configure:4057: checking for res_query in -lresolv
configure:4087: gcc -o conftest -g -O2   conftest.c -lresolv   >&5
configure:4093: $? = 0
configure:4097: test -z 
			 || test ! -s conftest.err
configure:4100: $? = 0
configure:4103: test -s conftest
configure:4106: $? = 0
configure:4119: result: yes
configure:4133: checking for gethostbyname
configure:4190: gcc -o conftest -g -O2   conftest.c -lresolv  >&5
configure:4196: $? = 0
configure:4200: test -z 
			 || test ! -s conftest.err
configure:4203: $? = 0
configure:4206: test -s conftest
configure:4209: $? = 0
configure:4221: result: yes
configure:4526: checking for socket
configure:4583: gcc -o conftest -g -O2   conftest.c -lresolv  >&5
configure:4589: $? = 0
configure:4593: test -z 
			 || test ! -s conftest.err
configure:4596: $? = 0
configure:4599: test -s conftest
configure:4602: $? = 0
configure:4614: result: yes
configure:4766: checking for putmsg in -lstr
configure:4796: gcc -o conftest -g -O2   conftest.c -lstr  -lresolv  >&5
/usr/bin/ld: cannot find -lstr
collect2: error: ld returned 1 exit status
configure:4802: $? = 1
configure: failed program was:
| /* confdefs.h.  */
| 
| #define PACKAGE_NAME ""
| #define PACKAGE_TARNAME ""
| #define PACKAGE_VERSION ""
| #define PACKAGE_STRING ""
| #define PACKAGE_BUGREPORT ""
| #define STDC_HEADERS 1
| #define HAVE_SYS_TYPES_H 1
| #define HAVE_SYS_STAT_H 1
| #define HAVE_STDLIB_H 1
| #define HAVE_STRING_H 1
| #define HAVE_MEMORY_H 1
| #define HAVE_STRINGS_H 1
| #define HAVE_INTTYPES_H 1
| #define HAVE_STDINT_H 1
| #define HAVE_UNISTD_H 1
| #define HAVE_FCNTL_H 1
| #define HAVE_MEMORY_H 1
| #define TIME_WITH_SYS_TIME 1
| #define HAVE_BCOPY 1
| #define HAVE_STRERROR 1
| #define RETSIGTYPE void
| #define RETSIGVAL
| #define HAVE_SIGSET 1
| #define signal sigset
| #define DECLWAITSTATUS int
| #define HAVE_LIBRESOLV 1
| /* end confdefs.h.  */
| 
| /* Override any gcc2 internal prototype to avoid an error.  */
| #ifdef __cplusplus
| extern "C"
| #endif
| /* We use char because int might match the return type of a gcc2
|    builtin and then its argument prototype would still apply.  */
| char putmsg ();
| int
| main ()
| {
| putmsg ();
|   ;
|   return 0;
| }
configure:4828: result: no
configure:4952: checking for local pcap library
configure:4970: result: not found
configure:4972: checking for pcap_open_live in -lpcap
configure:5002: gcc -o conftest -g -O2   conftest.c -lpcap  -lresolv  >&5
configure:5008: $? = 0
configure:5012: test -z 
			 || test ! -s conftest.err
configure:5015: $? = 0
configure:5018: test -s conftest
configure:5021: $? = 0
configure:5034: result: yes
configure:5146: checking for sendmail
configure:5165: found /usr/sbin/sendmail
configure:5178: result: /usr/sbin/sendmail
configure:5201: checking for  using gcc
configure:5228: gcc -c -g -O2  conftest.c >&5
conftest.c: In function 'main':
conftest.c:40:2: error: 'i' undeclared (first use in this function)
conftest.c:40:2: note: each undeclared identifier is reported only once for each function it appears in
configure:5234: $? = 1
configure: failed program was:
| /* confdefs.h.  */
| 
| #define PACKAGE_NAME ""
| #define PACKAGE_TARNAME ""
| #define PACKAGE_VERSION ""
| #define PACKAGE_STRING ""
| #define PACKAGE_BUGREPORT ""
| #define STDC_HEADERS 1
| #define HAVE_SYS_TYPES_H 1
| #define HAVE_SYS_STAT_H 1
| #define HAVE_STDLIB_H 1
| #define HAVE_STRING_H 1
| #define HAVE_MEMORY_H 1
| #define HAVE_STRINGS_H 1
| #define HAVE_INTTYPES_H 1
| #define HAVE_STDINT_H 1
| #define HAVE_UNISTD_H 1
| #define HAVE_FCNTL_H 1
| #define HAVE_MEMORY_H 1
| #define TIME_WITH_SYS_TIME 1
| #define HAVE_BCOPY 1
| #define HAVE_STRERROR 1
| #define RETSIGTYPE void
| #define RETSIGVAL
| #define HAVE_SIGSET 1
| #define signal sigset
| #define DECLWAITSTATUS int
| #define HAVE_LIBRESOLV 1
| /* end confdefs.h.  */
| 
| #	include "confdefs.h"
| #	include <sys/types.h>
| #	if STDC_HEADERS
| #	include <stdlib.h>
| #	include <stddef.h>
| #	endif
| int
| main ()
| {
|  i
|   ;
|   return 0;
| }
configure:5259: result: no
configure:5331: checking if ether_header uses ether_addr structs
configure:5365: gcc -c -g -O2  -Ilinux-include  conftest.c >&5
conftest.c:29:8: error: no macro name given in #define directive
conftest.c: In function 'main':
conftest.c:46:52: error: request for member 'ether_addr_octet' in something not a structure or union
configure:5371: $? = 1
configure: failed program was:
| /* confdefs.h.  */
| 
| #define PACKAGE_NAME ""
| #define PACKAGE_TARNAME ""
| #define PACKAGE_VERSION ""
| #define PACKAGE_STRING ""
| #define PACKAGE_BUGREPORT ""
| #define STDC_HEADERS 1
| #define HAVE_SYS_TYPES_H 1
| #define HAVE_SYS_STAT_H 1
| #define HAVE_STDLIB_H 1
| #define HAVE_STRING_H 1
| #define HAVE_MEMORY_H 1
| #define HAVE_STRINGS_H 1
| #define HAVE_INTTYPES_H 1
| #define HAVE_STDINT_H 1
| #define HAVE_UNISTD_H 1
| #define HAVE_FCNTL_H 1
| #define HAVE_MEMORY_H 1
| #define TIME_WITH_SYS_TIME 1
| #define HAVE_BCOPY 1
| #define HAVE_STRERROR 1
| #define RETSIGTYPE void
| #define RETSIGVAL
| #define HAVE_SIGSET 1
| #define signal sigset
| #define DECLWAITSTATUS int
| #define HAVE_LIBRESOLV 1
| #define
| /* end confdefs.h.  */
| 
| #	include <sys/types.h>
| #	if __STDC__
| 	/* osf3 has REALLY good prototyes */
| 	struct mbuf;
| 	struct rtentry;
| #	endif
| #	include <sys/socket.h>
| #	include <net/if.h>
| #	include <netinet/in.h>
| #	include <netinet/if_ether.h>
| int
| main ()
| {
| u_int i =
| 	    sizeof(((struct ether_header *)0)->ether_dhost.ether_addr_octet)
|   ;
|   return 0;
| }
configure:5397: result: no
configure:5406: checking if ether_arp uses ether_addr structs
configure:5440: gcc -c -g -O2  -Ilinux-include  conftest.c >&5
conftest.c:29:8: error: no macro name given in #define directive
conftest.c: In function 'main':
conftest.c:46:45: error: request for member 'ether_addr_octet' in something not a structure or union
configure:5446: $? = 1
configure: failed program was:
| /* confdefs.h.  */
| 
| #define PACKAGE_NAME ""
| #define PACKAGE_TARNAME ""
| #define PACKAGE_VERSION ""
| #define PACKAGE_STRING ""
| #define PACKAGE_BUGREPORT ""
| #define STDC_HEADERS 1
| #define HAVE_SYS_TYPES_H 1
| #define HAVE_SYS_STAT_H 1
| #define HAVE_STDLIB_H 1
| #define HAVE_STRING_H 1
| #define HAVE_MEMORY_H 1
| #define HAVE_STRINGS_H 1
| #define HAVE_INTTYPES_H 1
| #define HAVE_STDINT_H 1
| #define HAVE_UNISTD_H 1
| #define HAVE_FCNTL_H 1
| #define HAVE_MEMORY_H 1
| #define TIME_WITH_SYS_TIME 1
| #define HAVE_BCOPY 1
| #define HAVE_STRERROR 1
| #define RETSIGTYPE void
| #define RETSIGVAL
| #define HAVE_SIGSET 1
| #define signal sigset
| #define DECLWAITSTATUS int
| #define HAVE_LIBRESOLV 1
| #define
| /* end confdefs.h.  */
| 
| #	include <sys/types.h>
| #	if __STDC__
| 	/* osf3 has REALLY good prototyes */
| 	struct mbuf;
| 	struct rtentry;
| #	endif
| #	include <sys/socket.h>
| #	include <net/if.h>
| #	include <netinet/in.h>
| #	include <netinet/if_ether.h>
| int
| main ()
| {
| u_int i =
| 	    sizeof(((struct ether_arp *)0)->arp_sha.ether_addr_octet)
|   ;
|   return 0;
| }
configure:5472: result: no
configure:5481: checking if ether_arp uses erp_xsha member
configure:5514: gcc -c -g -O2  -Ilinux-include  conftest.c >&5
conftest.c:29:8: error: no macro name given in #define directive
conftest.c: In function 'main':
conftest.c:45:42: error: 'struct ether_arp' has no member named 'arp_xsha'
configure:5520: $? = 1
configure: failed program was:
| /* confdefs.h.  */
| 
| #define PACKAGE_NAME ""
| #define PACKAGE_TARNAME ""
| #define PACKAGE_VERSION ""
| #define PACKAGE_STRING ""
| #define PACKAGE_BUGREPORT ""
| #define STDC_HEADERS 1
| #define HAVE_SYS_TYPES_H 1
| #define HAVE_SYS_STAT_H 1
| #define HAVE_STDLIB_H 1
| #define HAVE_STRING_H 1
| #define HAVE_MEMORY_H 1
| #define HAVE_STRINGS_H 1
| #define HAVE_INTTYPES_H 1
| #define HAVE_STDINT_H 1
| #define HAVE_UNISTD_H 1
| #define HAVE_FCNTL_H 1
| #define HAVE_MEMORY_H 1
| #define TIME_WITH_SYS_TIME 1
| #define HAVE_BCOPY 1
| #define HAVE_STRERROR 1
| #define RETSIGTYPE void
| #define RETSIGVAL
| #define HAVE_SIGSET 1
| #define signal sigset
| #define DECLWAITSTATUS int
| #define HAVE_LIBRESOLV 1
| #define
| /* end confdefs.h.  */
| 
| #	include <sys/types.h>
| #	include <sys/socket.h>
| #	if __STDC__
| 	/* osf3 has REALLY good prototyes */
| 	struct mbuf;
| 	struct rtentry;
| #	endif
| #	include <net/if.h>
| #	include <netinet/in.h>
| #	include <netinet/if_ether.h>
| int
| main ()
| {
| u_int i = sizeof( ((struct ether_arp *)0)->arp_xsha)
|   ;
|   return 0;
| }
configure:5546: result: no
configure:5555: checking for dn_skipname
configure:5580: gcc -o conftest -g -O2   conftest.c -lresolv  -lpcap >&5
conftest.c:29:8: error: no macro name given in #define directive
configure:5586: $? = 1
configure: failed program was:
| /* confdefs.h.  */
| 
| #define PACKAGE_NAME ""
| #define PACKAGE_TARNAME ""
| #define PACKAGE_VERSION ""
| #define PACKAGE_STRING ""
| #define PACKAGE_BUGREPORT ""
| #define STDC_HEADERS 1
| #define HAVE_SYS_TYPES_H 1
| #define HAVE_SYS_STAT_H 1
| #define HAVE_STDLIB_H 1
| #define HAVE_STRING_H 1
| #define HAVE_MEMORY_H 1
| #define HAVE_STRINGS_H 1
| #define HAVE_INTTYPES_H 1
| #define HAVE_STDINT_H 1
| #define HAVE_UNISTD_H 1
| #define HAVE_FCNTL_H 1
| #define HAVE_MEMORY_H 1
| #define TIME_WITH_SYS_TIME 1
| #define HAVE_BCOPY 1
| #define HAVE_STRERROR 1
| #define RETSIGTYPE void
| #define RETSIGVAL
| #define HAVE_SIGSET 1
| #define signal sigset
| #define DECLWAITSTATUS int
| #define HAVE_LIBRESOLV 1
| #define
| /* end confdefs.h.  */
| 
| #	include <sys/types.h>
| #	include <netinet/in.h>
| #	include <arpa/nameser.h>
| #	include <resolv.h>
| int
| main ()
| {
| (void)dn_skipname(0, 0);
|   ;
|   return 0;
| }
configure:5612: result: no
configure:5656: checking for a BSD-compatible install
configure:5711: result: /usr/bin/install -c
configure:5850: creating ./config.status

## ---------------------- ##
## Running config.status. ##
## ---------------------- ##

This file was extended by config.status, which was
generated by GNU Autoconf 2.59.  Invocation command line was

  CONFIG_FILES    = 
  CONFIG_HEADERS  = 
  CONFIG_LINKS    = 
  CONFIG_COMMANDS = 
  $ ./config.status 

on debian

config.status:659: creating Makefile

## ---------------- ##
## Cache variables. ##
## ---------------- ##

ac_cv_build=i486-pc-linux-gnu
ac_cv_build_alias=i486-linux-gnu
ac_cv_c_bigendian=no
ac_cv_c_compiler_gnu=yes
ac_cv_env_CC_set=
ac_cv_env_CC_value=
ac_cv_env_CFLAGS_set=
ac_cv_env_CFLAGS_value=
ac_cv_env_CPPFLAGS_set=
ac_cv_env_CPPFLAGS_value=
ac_cv_env_CPP_set=
ac_cv_env_CPP_value=
ac_cv_env_LDFLAGS_set=
ac_cv_env_LDFLAGS_value=
ac_cv_env_build_alias_set=set
ac_cv_env_build_alias_value=i486-linux-gnu
ac_cv_env_host_alias_set=
ac_cv_env_host_alias_value=
ac_cv_env_target_alias_set=
ac_cv_env_target_alias_value=
ac_cv_ether_arp_has_ea=no
ac_cv_ether_header_has_ea=no
ac_cv_exeext=
ac_cv_func_bcopy=yes
ac_cv_func_gethostbyname=yes
ac_cv_func_sigset=yes
ac_cv_func_socket=yes
ac_cv_func_strerror=yes
ac_cv_have_dn_skipname=no
ac_cv_header_fcntl_h=yes
ac_cv_header_inttypes_h=yes
ac_cv_header_memory_h=yes
ac_cv_header_stdc=yes
ac_cv_header_stdint_h=yes
ac_cv_header_stdlib_h=yes
ac_cv_header_string_h=yes
ac_cv_header_strings_h=yes
ac_cv_header_sys_stat_h=yes
ac_cv_header_sys_types_h=yes
ac_cv_header_time=yes
ac_cv_header_unistd_h=yes
ac_cv_host=i486-pc-linux-gnu
ac_cv_host_alias=i486-linux-gnu
ac_cv_lbl_have_=no
ac_cv_lbl_union_wait=no
ac_cv_lib_resolv_res_query=yes
ac_cv_lib_str_putmsg=no
ac_cv_objext=o
ac_cv_path_V_SENDMAIL=/usr/sbin/sendmail
ac_cv_path_install='/usr/bin/install -c'
ac_cv_prog_CPP='gcc -E'
ac_cv_prog_ac_ct_CC=gcc
ac_cv_prog_cc_g=yes
ac_cv_prog_cc_stdc=
ac_cv_prog_egrep='grep -E'
ac_cv_struct_ether_arp_x=no
ac_cv_target=i486-pc-linux-gnu
ac_cv_target_alias=i486-linux-gnu
ac_cv_type_signal=void

## ----------------- ##
## Output variables. ##
## ----------------- ##

CC='gcc'
CFLAGS='-g -O2'
CPP='gcc -E'
CPPFLAGS=''
DEFS='-DPACKAGE_NAME=\"\" -DPACKAGE_TARNAME=\"\" -DPACKAGE_VERSION=\"\" -DPACKAGE_STRING=\"\" -DPACKAGE_BUGREPORT=\"\" -DSTDC_HEADERS=1 -DHAVE_SYS_TYPES_H=1 -DHAVE_SYS_STAT_H=1 -DHAVE_STDLIB_H=1 -DHAVE_STRING_H=1 -DHAVE_MEMORY_H=1 -DHAVE_STRINGS_H=1 -DHAVE_INTTYPES_H=1 -DHAVE_STDINT_H=1 -DHAVE_UNISTD_H=1 -DHAVE_FCNTL_H=1 -DHAVE_MEMORY_H=1 -DTIME_WITH_SYS_TIME=1 -DHAVE_BCOPY=1 -DHAVE_STRERROR=1 -DRETSIGTYPE=void -DRETSIGVAL= -DHAVE_SIGSET=1 -Dsignal=sigset -DDECLWAITSTATUS=int -DHAVE_LIBRESOLV=1 '
ECHO_C=''
ECHO_N='-n'
ECHO_T=''
EGREP='grep -E'
EXEEXT=''
INSTALL_DATA='${INSTALL} -m 644'
INSTALL_PROGRAM='${INSTALL}'
INSTALL_SCRIPT='${INSTALL}'
LBL_LIBS='-lresolv '
LDFLAGS=''
LIBOBJS=''
LIBS='-lresolv  -lpcap'
LTLIBOBJS=''
OBJEXT='o'
PACKAGE_BUGREPORT=''
PACKAGE_NAME=''
PACKAGE_STRING=''
PACKAGE_TARNAME=''
PACKAGE_VERSION=''
PATH_SEPARATOR=':'
SHELL='/bin/bash'
SHLICC2=''
V_CCOPT='-O'
V_INCLS=' -Ilinux-include'
V_PCAPDEP=''
V_SENDMAIL='/usr/sbin/sendmail'
ac_ct_CC='gcc'
bindir='${exec_prefix}/bin'
build='i486-pc-linux-gnu'
build_alias='i486-linux-gnu'
build_cpu='i486'
build_os='linux-gnu'
build_vendor='pc'
datadir='${prefix}/share'
exec_prefix='${prefix}'
host='i486-pc-linux-gnu'
host_alias=''
host_cpu='i486'
host_os='linux-gnu'
host_vendor='pc'
includedir='${prefix}/include'
infodir='${prefix}/share/info'
libdir='${exec_prefix}/lib'
libexecdir='${prefix}/lib/arpwatch'
localstatedir='/var'
mandir='${prefix}/share/man'
oldincludedir='/usr/include'
prefix='/usr'
program_transform_name='s,x,x,'
sbindir='${exec_prefix}/sbin'
sharedstatedir='${prefix}/com'
sysconfdir='/etc'
target='i486-pc-linux-gnu'
target_alias=''
target_cpu='i486'
target_os='linux-gnu'
target_vendor='pc'

## ----------- ##
## confdefs.h. ##
## ----------- ##

#define
#define DECLWAITSTATUS int
#define HAVE_BCOPY 1
#define HAVE_FCNTL_H 1
#define HAVE_INTTYPES_H 1
#define HAVE_LIBRESOLV 1
#define HAVE_MEMORY_H 1
#define HAVE_MEMORY_H 1
#define HAVE_SIGSET 1
#define HAVE_STDINT_H 1
#define HAVE_STDLIB_H 1
#define HAVE_STRERROR 1
#define HAVE_STRINGS_H 1
#define HAVE_STRING_H 1
#define HAVE_SYS_STAT_H 1
#define HAVE_SYS_TYPES_H 1
#define HAVE_UNISTD_H 1
#define PACKAGE_BUGREPORT ""
#define PACKAGE_NAME ""
#define PACKAGE_STRING ""
#define PACKAGE_TARNAME ""
#define PACKAGE_VERSION ""
#define RETSIGTYPE void
#define RETSIGVAL
#define STDC_HEADERS 1
#define TIME_WITH_SYS_TIME 1
#define signal sigset

configure: exit 0
